<?xml version="1.0" encoding="UTF-8"?>
<coverage generated="1700069693837" clover="3.2.0">
  <project timestamp="1700069693837" name="All files">
    <metrics statements="78" coveredstatements="73" conditionals="49" coveredconditionals="32" methods="19" coveredmethods="15" elements="146" coveredelements="120" complexity="0" loc="78" ncloc="78" packages="3" files="4" classes="4"/>
    <package name="api">
      <metrics statements="11" coveredstatements="6" conditionals="3" coveredconditionals="0" methods="3" coveredmethods="0"/>
      <file name="ScoreController.ts" path="C:\Users\linzhou\Desktop\Interview\scrabble-points-calculator\scrabble-points-calculator-web\src\api\ScoreController.ts">
        <metrics statements="9" coveredstatements="4" conditionals="3" coveredconditionals="0" methods="3" coveredmethods="0"/>
        <line num="1" count="2" type="stmt"/>
        <line num="2" count="2" type="stmt"/>
        <line num="4" count="2" type="cond" truecount="0" falsecount="1"/>
        <line num="5" count="0" type="stmt"/>
        <line num="15" count="0" type="stmt"/>
        <line num="18" count="2" type="stmt"/>
        <line num="22" count="0" type="stmt"/>
        <line num="29" count="0" type="stmt"/>
        <line num="34" count="0" type="stmt"/>
      </file>
      <file name="index.ts" path="C:\Users\linzhou\Desktop\Interview\scrabble-points-calculator\scrabble-points-calculator-web\src\api\index.ts">
        <metrics statements="2" coveredstatements="2" conditionals="0" coveredconditionals="0" methods="0" coveredmethods="0"/>
        <line num="1" count="2" type="stmt"/>
        <line num="3" count="2" type="stmt"/>
      </file>
    </package>
    <package name="components.tiles">
      <metrics statements="12" coveredstatements="12" conditionals="12" coveredconditionals="9" methods="3" coveredmethods="3"/>
      <file name="Tiles.tsx" path="C:\Users\linzhou\Desktop\Interview\scrabble-points-calculator\scrabble-points-calculator-web\src\components\tiles\Tiles.tsx">
        <metrics statements="12" coveredstatements="12" conditionals="12" coveredconditionals="9" methods="3" coveredmethods="3"/>
        <line num="1" count="1" type="stmt"/>
        <line num="2" count="1" type="stmt"/>
        <line num="3" count="1" type="stmt"/>
        <line num="4" count="1" type="stmt"/>
        <line num="6" count="1" type="stmt"/>
        <line num="12" count="1" type="stmt"/>
        <line num="24" count="1" type="stmt"/>
        <line num="34" count="3" type="stmt"/>
        <line num="36" count="3" type="stmt"/>
        <line num="47" count="30" type="cond" truecount="3" falsecount="1"/>
        <line num="86" count="10" type="cond" truecount="4" falsecount="0"/>
        <line num="95" count="1" type="stmt"/>
      </file>
    </package>
    <package name="components.tiles.hooks">
      <metrics statements="55" coveredstatements="55" conditionals="34" coveredconditionals="23" methods="13" coveredmethods="12"/>
      <file name="usePointCalculator.ts" path="C:\Users\linzhou\Desktop\Interview\scrabble-points-calculator\scrabble-points-calculator-web\src\components\tiles\hooks\usePointCalculator.ts">
        <metrics statements="55" coveredstatements="55" conditionals="34" coveredconditionals="23" methods="13" coveredmethods="12"/>
        <line num="1" count="2" type="stmt"/>
        <line num="2" count="2" type="stmt"/>
        <line num="9" count="2" type="stmt"/>
        <line num="10" count="23" type="stmt"/>
        <line num="11" count="23" type="stmt"/>
        <line num="12" count="23" type="stmt"/>
        <line num="13" count="23" type="stmt"/>
        <line num="15" count="23" type="stmt"/>
        <line num="16" count="1" type="stmt"/>
        <line num="19" count="23" type="stmt"/>
        <line num="27" count="31" type="stmt"/>
        <line num="28" count="31" type="cond" truecount="18" falsecount="9"/>
        <line num="39" count="12" type="stmt"/>
        <line num="40" count="12" type="stmt"/>
        <line num="43" count="3" type="stmt"/>
        <line num="44" count="3" type="stmt"/>
        <line num="49" count="3" type="stmt"/>
        <line num="50" count="3" type="stmt"/>
        <line num="56" count="1" type="stmt"/>
        <line num="57" count="1" type="stmt"/>
        <line num="59" count="1" type="stmt"/>
        <line num="60" count="1" type="stmt"/>
        <line num="63" count="3" type="stmt"/>
        <line num="64" count="3" type="stmt"/>
        <line num="67" count="1" type="stmt"/>
        <line num="68" count="1" type="stmt"/>
        <line num="70" count="7" type="stmt"/>
        <line num="71" count="7" type="stmt"/>
        <line num="74" count="31" type="stmt"/>
        <line num="77" count="23" type="stmt"/>
        <line num="78" count="31" type="stmt"/>
        <line num="81" count="23" type="stmt"/>
        <line num="82" count="14" type="stmt"/>
        <line num="85" count="23" type="stmt"/>
        <line num="86" count="1" type="stmt"/>
        <line num="87" count="1" type="stmt"/>
        <line num="88" count="1" type="stmt"/>
        <line num="91" count="23" type="stmt"/>
        <line num="92" count="1" type="stmt"/>
        <line num="93" count="1" type="stmt"/>
        <line num="94" count="1" type="stmt"/>
        <line num="95" count="1" type="stmt"/>
        <line num="98" count="23" type="stmt"/>
        <line num="99" count="240" type="stmt"/>
        <line num="101" count="240" type="cond" truecount="2" falsecount="0"/>
        <line num="102" count="5" type="cond" truecount="1" falsecount="1"/>
        <line num="103" count="5" type="stmt"/>
        <line num="104" count="235" type="cond" truecount="1" falsecount="0"/>
        <line num="105" count="235" type="cond" truecount="1" falsecount="1"/>
        <line num="109" count="23" type="stmt"/>
        <line num="111" count="23" type="stmt"/>
        <line num="112" count="8" type="stmt"/>
        <line num="115" count="23" type="stmt"/>
        <line num="116" count="14" type="stmt"/>
        <line num="119" count="23" type="stmt"/>
      </file>
    </package>
  </project>
</coverage>
