{"C:\\Users\\linzhou\\Desktop\\Interview\\scrabble-points-calculator\\scrabble-points-calculator-web\\src\\api\\ScoreController.ts": {"path":"C:\\Users\\linzhou\\Desktop\\Interview\\scrabble-points-calculator\\scrabble-points-calculator-web\\src\\api\\ScoreController.ts","statementMap":{"0":{"start":{"line":1,"column":0},"end":{"line":1,"column":50}},"1":{"start":{"line":2,"column":0},"end":{"line":2,"column":20}},"2":{"start":{"line":5,"column":27},"end":{"line":13,"column":null}},"3":{"start":{"line":15,"column":4},"end":{"line":15,"column":47}},"4":{"start":{"line":4,"column":0},"end":{"line":4,"column":7}},"5":{"start":{"line":22,"column":27},"end":{"line":32,"column":null}},"6":{"start":{"line":29,"column":16},"end":{"line":29,"column":69}},"7":{"start":{"line":34,"column":4},"end":{"line":34,"column":57}},"8":{"start":{"line":18,"column":0},"end":{"line":18,"column":7}}},"fnMap":{"0":{"name":"saveScore","decl":{"start":{"line":4,"column":22},"end":{"line":4,"column":31}},"loc":{"start":{"line":4,"column":98},"end":{"line":16,"column":1}}},"1":{"name":"getTopTenScores","decl":{"start":{"line":18,"column":22},"end":{"line":18,"column":37}},"loc":{"start":{"line":20,"column":41},"end":{"line":35,"column":1}}},"2":{"name":"(anonymous_2)","decl":{"start":{"line":28,"column":30},"end":{"line":28,"column":40}},"loc":{"start":{"line":28,"column":45},"end":{"line":30,"column":13}}}},"branchMap":{"0":{"loc":{"start":{"line":4,"column":61},"end":{"line":4,"column":98}},"type":"default-arg","locations":[{"start":{"line":4,"column":96},"end":{"line":4,"column":98}}]},"1":{"loc":{"start":{"line":19,"column":4},"end":{"line":19,"column":14}},"type":"default-arg","locations":[{"start":{"line":19,"column":12},"end":{"line":19,"column":14}}]},"2":{"loc":{"start":{"line":20,"column":4},"end":{"line":20,"column":41}},"type":"default-arg","locations":[{"start":{"line":20,"column":39},"end":{"line":20,"column":41}}]}},"s":{"0":2,"1":2,"2":0,"3":0,"4":2,"5":0,"6":0,"7":0,"8":2},"f":{"0":0,"1":0,"2":0},"b":{"0":[0],"1":[0],"2":[0]}}
,"C:\\Users\\linzhou\\Desktop\\Interview\\scrabble-points-calculator\\scrabble-points-calculator-web\\src\\api\\index.ts": {"path":"C:\\Users\\linzhou\\Desktop\\Interview\\scrabble-points-calculator\\scrabble-points-calculator-web\\src\\api\\index.ts","statementMap":{"0":{"start":{"line":1,"column":0},"end":{"line":1,"column":53}},"1":{"start":{"line":3,"column":13},"end":{"line":5,"column":null}}},"fnMap":{},"branchMap":{},"s":{"0":2,"1":2},"f":{},"b":{}}
,"C:\\Users\\linzhou\\Desktop\\Interview\\scrabble-points-calculator\\scrabble-points-calculator-web\\src\\components\\tiles\\Tiles.tsx": {"path":"C:\\Users\\linzhou\\Desktop\\Interview\\scrabble-points-calculator\\scrabble-points-calculator-web\\src\\components\\tiles\\Tiles.tsx","statementMap":{"0":{"start":{"line":1,"column":0},"end":{"line":1,"column":40}},"1":{"start":{"line":2,"column":0},"end":{"line":2,"column":36}},"2":{"start":{"line":3,"column":0},"end":{"line":3,"column":50}},"3":{"start":{"line":4,"column":0},"end":{"line":4,"column":41}},"4":{"start":{"line":6,"column":14},"end":{"line":16,"column":4}},"5":{"start":{"line":18,"column":0},"end":{"line":18,"column":64}},"6":{"start":{"line":24,"column":14},"end":{"line":91,"column":1}},"7":{"start":{"line":34,"column":8},"end":{"line":34,"column":28}},"8":{"start":{"line":36,"column":4},"end":{"line":90,"column":6}},"9":{"start":{"line":44,"column":24},"end":{"line":44,"column":51}},"10":{"start":{"line":83,"column":28},"end":{"line":83,"column":55}},"11":{"start":{"line":93,"column":0},"end":{"line":93,"column":21}}},"fnMap":{"0":{"name":"(anonymous_0)","decl":{"start":{"line":24,"column":14},"end":{"line":24,"column":15}},"loc":{"start":{"line":24,"column":45},"end":{"line":91,"column":1}}},"1":{"name":"(anonymous_1)","decl":{"start":{"line":43,"column":73},"end":{"line":43,"column":74}},"loc":{"start":{"line":44,"column":24},"end":{"line":44,"column":51}}},"2":{"name":"(anonymous_2)","decl":{"start":{"line":82,"column":130},"end":{"line":82,"column":131}},"loc":{"start":{"line":83,"column":28},"end":{"line":83,"column":55}}}},"branchMap":{},"s":{"0":1,"1":1,"2":1,"3":1,"4":1,"5":1,"6":1,"7":1,"8":1,"9":10,"10":0,"11":1},"f":{"0":1,"1":10,"2":0},"b":{}}
,"C:\\Users\\linzhou\\Desktop\\Interview\\scrabble-points-calculator\\scrabble-points-calculator-web\\src\\components\\tiles\\hooks\\usePointCalculator.ts": {"path":"C:\\Users\\linzhou\\Desktop\\Interview\\scrabble-points-calculator\\scrabble-points-calculator-web\\src\\components\\tiles\\hooks\\usePointCalculator.ts","statementMap":{"0":{"start":{"line":1,"column":0},"end":{"line":1,"column":43}},"1":{"start":{"line":2,"column":0},"end":{"line":2,"column":42}},"2":{"start":{"line":9,"column":34},"end":{"line":129,"column":1}},"3":{"start":{"line":10,"column":30},"end":{"line":10,"column":52}},"4":{"start":{"line":11,"column":30},"end":{"line":11,"column":49}},"5":{"start":{"line":12,"column":28},"end":{"line":12,"column":43}},"6":{"start":{"line":13,"column":44},"end":{"line":13,"column":73}},"7":{"start":{"line":15,"column":23},"end":{"line":17,"column":2}},"8":{"start":{"line":16,"column":2},"end":{"line":16,"column":15}},"9":{"start":{"line":19,"column":27},"end":{"line":75,"column":5}},"10":{"start":{"line":27,"column":20},"end":{"line":27,"column":21}},"11":{"start":{"line":28,"column":8},"end":{"line":73,"column":null}},"12":{"start":{"line":39,"column":16},"end":{"line":39,"column":26}},"13":{"start":{"line":40,"column":16},"end":{"line":40,"column":22}},"14":{"start":{"line":43,"column":16},"end":{"line":43,"column":26}},"15":{"start":{"line":44,"column":16},"end":{"line":44,"column":22}},"16":{"start":{"line":49,"column":16},"end":{"line":49,"column":26}},"17":{"start":{"line":50,"column":16},"end":{"line":50,"column":22}},"18":{"start":{"line":56,"column":16},"end":{"line":56,"column":26}},"19":{"start":{"line":57,"column":16},"end":{"line":57,"column":22}},"20":{"start":{"line":59,"column":16},"end":{"line":59,"column":26}},"21":{"start":{"line":60,"column":16},"end":{"line":60,"column":22}},"22":{"start":{"line":63,"column":16},"end":{"line":63,"column":26}},"23":{"start":{"line":64,"column":16},"end":{"line":64,"column":22}},"24":{"start":{"line":67,"column":16},"end":{"line":67,"column":27}},"25":{"start":{"line":68,"column":16},"end":{"line":68,"column":22}},"26":{"start":{"line":70,"column":16},"end":{"line":70,"column":26}},"27":{"start":{"line":71,"column":16},"end":{"line":71,"column":22}},"28":{"start":{"line":74,"column":8},"end":{"line":74,"column":21}},"29":{"start":{"line":77,"column":19},"end":{"line":79,"column":5}},"30":{"start":{"line":78,"column":8},"end":{"line":78,"column":27}},"31":{"start":{"line":81,"column":27},"end":{"line":83,"column":5}},"32":{"start":{"line":82,"column":8},"end":{"line":82,"column":62}},"33":{"start":{"line":85,"column":22},"end":{"line":89,"column":2}},"34":{"start":{"line":86,"column":8},"end":{"line":86,"column":47}},"35":{"start":{"line":87,"column":8},"end":{"line":87,"column":49}},"36":{"start":{"line":88,"column":8},"end":{"line":88,"column":null}},"37":{"start":{"line":91,"column":26},"end":{"line":96,"column":2}},"38":{"start":{"line":92,"column":23},"end":{"line":92,"column":66}},"39":{"start":{"line":93,"column":8},"end":{"line":93,"column":39}},"40":{"start":{"line":94,"column":8},"end":{"line":94,"column":82}},"41":{"start":{"line":95,"column":8},"end":{"line":95,"column":null}},"42":{"start":{"line":98,"column":26},"end":{"line":107,"column":5}},"43":{"start":{"line":99,"column":34},"end":{"line":99,"column":55}},"44":{"start":{"line":101,"column":8},"end":{"line":106,"column":null}},"45":{"start":{"line":102,"column":12},"end":{"line":102,"column":90}},"46":{"start":{"line":102,"column":33},"end":{"line":102,"column":87}},"47":{"start":{"line":103,"column":12},"end":{"line":103,"column":37}},"48":{"start":{"line":104,"column":15},"end":{"line":106,"column":null}},"49":{"start":{"line":105,"column":12},"end":{"line":105,"column":80}},"50":{"start":{"line":105,"column":32},"end":{"line":105,"column":78}},"51":{"start":{"line":109,"column":24},"end":{"line":109,"column":44}},"52":{"start":{"line":109,"column":30},"end":{"line":109,"column":44}},"53":{"start":{"line":111,"column":4},"end":{"line":113,"column":11}},"54":{"start":{"line":112,"column":8},"end":{"line":112,"column":60}},"55":{"start":{"line":115,"column":4},"end":{"line":117,"column":16}},"56":{"start":{"line":116,"column":8},"end":{"line":116,"column":30}},"57":{"start":{"line":119,"column":4},"end":{"line":128,"column":6}},"58":{"start":{"line":9,"column":13},"end":{"line":9,"column":34}}},"fnMap":{"0":{"name":"(anonymous_0)","decl":{"start":{"line":9,"column":34},"end":{"line":9,"column":37}},"loc":{"start":{"line":9,"column":39},"end":{"line":129,"column":1}}},"1":{"name":"(anonymous_1)","decl":{"start":{"line":15,"column":23},"end":{"line":15,"column":26}},"loc":{"start":{"line":15,"column":28},"end":{"line":17,"column":2}}},"2":{"name":"(anonymous_2)","decl":{"start":{"line":19,"column":27},"end":{"line":19,"column":28}},"loc":{"start":{"line":19,"column":44},"end":{"line":75,"column":5}}},"3":{"name":"(anonymous_3)","decl":{"start":{"line":77,"column":19},"end":{"line":77,"column":20}},"loc":{"start":{"line":77,"column":50},"end":{"line":79,"column":5}}},"4":{"name":"(anonymous_4)","decl":{"start":{"line":81,"column":27},"end":{"line":81,"column":28}},"loc":{"start":{"line":81,"column":47},"end":{"line":83,"column":5}}},"5":{"name":"(anonymous_5)","decl":{"start":{"line":85,"column":22},"end":{"line":85,"column":25}},"loc":{"start":{"line":85,"column":27},"end":{"line":89,"column":2}}},"6":{"name":"(anonymous_6)","decl":{"start":{"line":91,"column":26},"end":{"line":91,"column":31}},"loc":{"start":{"line":91,"column":37},"end":{"line":96,"column":2}}},"7":{"name":"(anonymous_7)","decl":{"start":{"line":98,"column":26},"end":{"line":98,"column":27}},"loc":{"start":{"line":98,"column":43},"end":{"line":107,"column":5}}},"8":{"name":"(anonymous_8)","decl":{"start":{"line":102,"column":21},"end":{"line":102,"column":22}},"loc":{"start":{"line":102,"column":31},"end":{"line":102,"column":88}}},"9":{"name":"(anonymous_9)","decl":{"start":{"line":105,"column":21},"end":{"line":105,"column":22}},"loc":{"start":{"line":105,"column":32},"end":{"line":105,"column":78}}},"10":{"name":"(anonymous_10)","decl":{"start":{"line":109,"column":24},"end":{"line":109,"column":27}},"loc":{"start":{"line":109,"column":30},"end":{"line":109,"column":44}}},"11":{"name":"(anonymous_11)","decl":{"start":{"line":111,"column":14},"end":{"line":111,"column":17}},"loc":{"start":{"line":111,"column":19},"end":{"line":113,"column":5}}},"12":{"name":"(anonymous_12)","decl":{"start":{"line":115,"column":14},"end":{"line":115,"column":17}},"loc":{"start":{"line":115,"column":19},"end":{"line":117,"column":5}}}},"branchMap":{"0":{"loc":{"start":{"line":28,"column":8},"end":{"line":73,"column":null}},"type":"switch","locations":[{"start":{"line":29,"column":12},"end":{"line":29,"column":21}},{"start":{"line":30,"column":12},"end":{"line":30,"column":21}},{"start":{"line":31,"column":12},"end":{"line":31,"column":21}},{"start":{"line":32,"column":12},"end":{"line":32,"column":21}},{"start":{"line":33,"column":12},"end":{"line":33,"column":21}},{"start":{"line":34,"column":12},"end":{"line":34,"column":21}},{"start":{"line":35,"column":12},"end":{"line":35,"column":21}},{"start":{"line":36,"column":12},"end":{"line":36,"column":21}},{"start":{"line":37,"column":12},"end":{"line":37,"column":21}},{"start":{"line":38,"column":12},"end":{"line":40,"column":22}},{"start":{"line":41,"column":12},"end":{"line":41,"column":21}},{"start":{"line":42,"column":12},"end":{"line":44,"column":22}},{"start":{"line":45,"column":12},"end":{"line":45,"column":21}},{"start":{"line":46,"column":12},"end":{"line":46,"column":21}},{"start":{"line":47,"column":12},"end":{"line":47,"column":21}},{"start":{"line":48,"column":12},"end":{"line":50,"column":22}},{"start":{"line":51,"column":12},"end":{"line":51,"column":21}},{"start":{"line":52,"column":12},"end":{"line":52,"column":21}},{"start":{"line":53,"column":12},"end":{"line":53,"column":21}},{"start":{"line":54,"column":12},"end":{"line":54,"column":21}},{"start":{"line":55,"column":12},"end":{"line":57,"column":22}},{"start":{"line":58,"column":12},"end":{"line":60,"column":22}},{"start":{"line":61,"column":12},"end":{"line":61,"column":21}},{"start":{"line":62,"column":12},"end":{"line":64,"column":22}},{"start":{"line":65,"column":12},"end":{"line":65,"column":21}},{"start":{"line":66,"column":12},"end":{"line":68,"column":22}},{"start":{"line":69,"column":12},"end":{"line":71,"column":22}}]},"1":{"loc":{"start":{"line":101,"column":8},"end":{"line":106,"column":null}},"type":"if","locations":[{"start":{"line":101,"column":8},"end":{"line":106,"column":null}},{"start":{"line":104,"column":15},"end":{"line":106,"column":null}}]},"2":{"loc":{"start":{"line":102,"column":40},"end":{"line":102,"column":86}},"type":"cond-expr","locations":[{"start":{"line":102,"column":59},"end":{"line":102,"column":81}},{"start":{"line":102,"column":84},"end":{"line":102,"column":86}}]},"3":{"loc":{"start":{"line":104,"column":15},"end":{"line":106,"column":null}},"type":"if","locations":[{"start":{"line":104,"column":15},"end":{"line":106,"column":null}}]},"4":{"loc":{"start":{"line":105,"column":32},"end":{"line":105,"column":78}},"type":"cond-expr","locations":[{"start":{"line":105,"column":53},"end":{"line":105,"column":70}},{"start":{"line":105,"column":73},"end":{"line":105,"column":78}}]}},"s":{"0":2,"1":2,"2":2,"3":5,"4":5,"5":5,"6":5,"7":5,"8":0,"9":5,"10":0,"11":0,"12":0,"13":0,"14":0,"15":0,"16":0,"17":0,"18":0,"19":0,"20":0,"21":0,"22":0,"23":0,"24":0,"25":0,"26":0,"27":0,"28":0,"29":5,"30":0,"31":5,"32":2,"33":5,"34":1,"35":1,"36":1,"37":5,"38":1,"39":1,"40":1,"41":1,"42":5,"43":0,"44":0,"45":0,"46":0,"47":0,"48":0,"49":0,"50":0,"51":5,"52":0,"53":5,"54":2,"55":5,"56":2,"57":5,"58":2},"f":{"0":5,"1":0,"2":0,"3":0,"4":2,"5":1,"6":1,"7":0,"8":0,"9":0,"10":0,"11":2,"12":2},"b":{"0":[0,0,0,0,0,0,0,0,0,0,0,0,0,0,0,0,0,0,0,0,0,0,0,0,0,0,0],"1":[0,0],"2":[0,0],"3":[0],"4":[0,0]}}
}
