TN:
SF:src\api\ScoreController.ts
FN:4,saveScore
FN:18,getTopTenScores
FN:28,(anonymous_2)
FNF:3
FNH:0
FNDA:0,saveScore
FNDA:0,getTopTenScores
FNDA:0,(anonymous_2)
DA:1,2
DA:2,2
DA:4,2
DA:5,0
DA:15,0
DA:18,2
DA:22,0
DA:29,0
DA:34,0
LF:9
LH:4
BRDA:4,0,0,0
BRDA:19,1,0,0
BRDA:20,2,0,0
BRF:3
BRH:0
end_of_record
TN:
SF:src\api\index.ts
FNF:0
FNH:0
DA:1,2
DA:3,2
LF:2
LH:2
BRF:0
BRH:0
end_of_record
TN:
SF:src\components\tiles\Tiles.tsx
FN:24,(anonymous_0)
FN:46,(anonymous_1)
FN:85,(anonymous_2)
FNF:3
FNH:3
FNDA:3,(anonymous_0)
FNDA:30,(anonymous_1)
FNDA:10,(anonymous_2)
DA:1,1
DA:2,1
DA:3,1
DA:4,1
DA:6,1
DA:12,1
DA:24,1
DA:34,3
DA:36,3
DA:47,30
DA:86,10
DA:95,1
LF:12
LH:12
BRDA:44,0,0,3
BRDA:44,0,1,0
BRDA:45,1,0,0
BRDA:45,1,1,3
BRDA:47,2,0,0
BRDA:47,2,1,30
BRDA:47,3,0,3
BRDA:47,3,1,27
BRDA:86,4,0,6
BRDA:86,4,1,4
BRDA:86,5,0,10
BRDA:86,5,1,10
BRF:12
BRH:9
end_of_record
TN:
SF:src\components\tiles\hooks\usePointCalculator.ts
FN:9,(anonymous_0)
FN:15,(anonymous_1)
FN:19,(anonymous_2)
FN:77,(anonymous_3)
FN:81,(anonymous_4)
FN:85,(anonymous_5)
FN:91,(anonymous_6)
FN:98,(anonymous_7)
FN:102,(anonymous_8)
FN:105,(anonymous_9)
FN:109,(anonymous_10)
FN:111,(anonymous_11)
FN:115,(anonymous_12)
FNF:13
FNH:12
FNDA:23,(anonymous_0)
FNDA:1,(anonymous_1)
FNDA:31,(anonymous_2)
FNDA:31,(anonymous_3)
FNDA:14,(anonymous_4)
FNDA:1,(anonymous_5)
FNDA:1,(anonymous_6)
FNDA:240,(anonymous_7)
FNDA:1,(anonymous_8)
FNDA:46,(anonymous_9)
FNDA:0,(anonymous_10)
FNDA:8,(anonymous_11)
FNDA:14,(anonymous_12)
DA:1,2
DA:2,2
DA:9,2
DA:10,23
DA:11,23
DA:12,23
DA:13,23
DA:15,23
DA:16,1
DA:19,23
DA:27,31
DA:28,31
DA:39,12
DA:40,12
DA:43,3
DA:44,3
DA:49,3
DA:50,3
DA:56,1
DA:57,1
DA:59,1
DA:60,1
DA:63,3
DA:64,3
DA:67,1
DA:68,1
DA:70,7
DA:71,7
DA:74,31
DA:77,23
DA:78,31
DA:81,23
DA:82,14
DA:85,23
DA:86,1
DA:87,1
DA:88,1
DA:91,23
DA:92,1
DA:93,1
DA:94,1
DA:95,1
DA:98,23
DA:99,240
DA:101,240
DA:102,5
DA:103,5
DA:104,235
DA:105,235
DA:109,23
DA:111,23
DA:112,8
DA:115,23
DA:116,14
DA:119,23
LF:55
LH:55
BRDA:28,0,0,0
BRDA:28,0,1,3
BRDA:28,0,2,7
BRDA:28,0,3,7
BRDA:28,0,4,7
BRDA:28,0,5,7
BRDA:28,0,6,9
BRDA:28,0,7,9
BRDA:28,0,8,11
BRDA:28,0,9,12
BRDA:28,0,10,0
BRDA:28,0,11,3
BRDA:28,0,12,0
BRDA:28,0,13,2
BRDA:28,0,14,2
BRDA:28,0,15,3
BRDA:28,0,16,0
BRDA:28,0,17,0
BRDA:28,0,18,0
BRDA:28,0,19,0
BRDA:28,0,20,1
BRDA:28,0,21,1
BRDA:28,0,22,0
BRDA:28,0,23,3
BRDA:28,0,24,0
BRDA:28,0,25,1
BRDA:28,0,26,7
BRDA:101,1,0,5
BRDA:101,1,1,235
BRDA:102,2,0,1
BRDA:102,2,1,0
BRDA:104,3,0,235
BRDA:105,4,0,46
BRDA:105,4,1,0
BRF:34
BRH:23
end_of_record
