TN:
SF:src\api\ScoreController.ts
FN:4,saveScore
FN:18,getTopTenScores
FN:28,(anonymous_2)
FNF:3
FNH:0
FNDA:0,saveScore
FNDA:0,getTopTenScores
FNDA:0,(anonymous_2)
DA:1,2
DA:2,2
DA:4,2
DA:5,0
DA:15,0
DA:18,2
DA:22,0
DA:29,0
DA:34,0
LF:9
LH:4
BRDA:4,0,0,0
BRDA:19,1,0,0
BRDA:20,2,0,0
BRF:3
BRH:0
end_of_record
TN:
SF:src\api\index.ts
FNF:0
FNH:0
DA:1,2
DA:3,2
LF:2
LH:2
BRF:0
BRH:0
end_of_record
TN:
SF:src\components\tiles\Tiles.tsx
FN:24,(anonymous_0)
FN:43,(anonymous_1)
FN:82,(anonymous_2)
FNF:3
FNH:2
FNDA:1,(anonymous_0)
FNDA:10,(anonymous_1)
FNDA:0,(anonymous_2)
DA:1,1
DA:2,1
DA:3,1
DA:4,1
DA:6,1
DA:18,1
DA:24,1
DA:34,1
DA:36,1
DA:44,10
DA:83,0
DA:93,1
LF:12
LH:11
BRF:0
BRH:0
end_of_record
TN:
SF:src\components\tiles\hooks\usePointCalculator.ts
FN:9,(anonymous_0)
FN:15,(anonymous_1)
FN:19,(anonymous_2)
FN:77,(anonymous_3)
FN:81,(anonymous_4)
FN:85,(anonymous_5)
FN:91,(anonymous_6)
FN:98,(anonymous_7)
FN:102,(anonymous_8)
FN:105,(anonymous_9)
FN:109,(anonymous_10)
FN:111,(anonymous_11)
FN:115,(anonymous_12)
FNF:13
FNH:6
FNDA:5,(anonymous_0)
FNDA:0,(anonymous_1)
FNDA:0,(anonymous_2)
FNDA:0,(anonymous_3)
FNDA:2,(anonymous_4)
FNDA:1,(anonymous_5)
FNDA:1,(anonymous_6)
FNDA:0,(anonymous_7)
FNDA:0,(anonymous_8)
FNDA:0,(anonymous_9)
FNDA:0,(anonymous_10)
FNDA:2,(anonymous_11)
FNDA:2,(anonymous_12)
DA:1,2
DA:2,2
DA:9,2
DA:10,5
DA:11,5
DA:12,5
DA:13,5
DA:15,5
DA:16,0
DA:19,5
DA:27,0
DA:28,0
DA:39,0
DA:40,0
DA:43,0
DA:44,0
DA:49,0
DA:50,0
DA:56,0
DA:57,0
DA:59,0
DA:60,0
DA:63,0
DA:64,0
DA:67,0
DA:68,0
DA:70,0
DA:71,0
DA:74,0
DA:77,5
DA:78,0
DA:81,5
DA:82,2
DA:85,5
DA:86,1
DA:87,1
DA:88,1
DA:91,5
DA:92,1
DA:93,1
DA:94,1
DA:95,1
DA:98,5
DA:99,0
DA:101,0
DA:102,0
DA:103,0
DA:104,0
DA:105,0
DA:109,5
DA:111,5
DA:112,2
DA:115,5
DA:116,2
DA:119,5
LF:55
LH:28
BRDA:28,0,0,0
BRDA:28,0,1,0
BRDA:28,0,2,0
BRDA:28,0,3,0
BRDA:28,0,4,0
BRDA:28,0,5,0
BRDA:28,0,6,0
BRDA:28,0,7,0
BRDA:28,0,8,0
BRDA:28,0,9,0
BRDA:28,0,10,0
BRDA:28,0,11,0
BRDA:28,0,12,0
BRDA:28,0,13,0
BRDA:28,0,14,0
BRDA:28,0,15,0
BRDA:28,0,16,0
BRDA:28,0,17,0
BRDA:28,0,18,0
BRDA:28,0,19,0
BRDA:28,0,20,0
BRDA:28,0,21,0
BRDA:28,0,22,0
BRDA:28,0,23,0
BRDA:28,0,24,0
BRDA:28,0,25,0
BRDA:28,0,26,0
BRDA:101,1,0,0
BRDA:101,1,1,0
BRDA:102,2,0,0
BRDA:102,2,1,0
BRDA:104,3,0,0
BRDA:105,4,0,0
BRDA:105,4,1,0
BRF:34
BRH:0
end_of_record
